Make cheater programs...
  g++ -o bin/system-cronjob-writer system-cronjob-writer/main.cpp
Test metafile-writer...
  With metafile directed at non-existent file location...
    $ ./bin/isolate -Mtmp/metafile --run -- ./metafile-writer 2> /dev/null
      Hello World!
    $ cat tmp/metafile
      time:0.000
      time-wall:0.003
      max-rss:912
      csw-voluntary:1
      csw-forced:2
  With metafile directed at existing file location...
    $ ./bin/isolate -Mtmp/metafile2 --run -- ./metafile-writer 2> /dev/null
      Hello World!
    $ cat tmp/metafile2
      time:0.000
      time-wall:0.002
      max-rss:912
      csw-voluntary:1
      csw-forced:2
  With metafile directed at file descriptor 3 (NOTE: metafile for this command is not protected)...
    $ ./bin/isolate -M/dev/fd/3 --run -- ./metafile-writer 3> tmp/metafile3 2> /dev/null
      Hello World!
    $ cat tmp/metafile3
      time:0.000
      time-wall:0.002
      max-rss:944
      csw-voluntary:1
      csw-forced:3
      
      message:Out of memory
      >> END metafile-writer <<
  With metafile directed at file descriptor 4 (NOTE: metafile for this command is not protected)...
    $ ./bin/isolate -M/dev/fd/4 --run -- ./metafile-writer 4> tmp/metafile4 2> /dev/null
      Hello World!
    $ cat tmp/metafile4
      time:0.000
      time-wall:0.002
      max-rss:916
      csw-voluntary:1
      csw-forced:2
  Metafile directed at protected root file
    $ ls -l tmp/sensitive-system-file
      -rw-r--r-- 1 root root 15 Nov 21 16:43 tmp/sensitive-system-file
    $ ./bin/isolate -Mtmp/sensitive-system-file --run -- ./metafile-writer 2> /dev/null
    $ cat tmp/sensitive-system-file
      Sensitive info
Test system-cronjob-writer...
  Metafile directed at cron.daily
    $ ls -l tmp/cron.daily/evil-bash-script
      -rw-r--r-- 1 root root 16 Nov 21 16:43 tmp/cron.daily/evil-bash-script
    $ ./bin/isolate -Mtmp/cron.daily/evil-bash-script --run -- ./system-cronjob-writer ronald 2> /dev/null
    $ cat tmp/cron.daily/evil-bash-script
      # Benign script
